[16:13:13] Iniciando sistema de gestión de juegos
[16:13:13] Grupo: ALEJANDRO GÓMEZ (23-0573), EMIL MOQUETE (22-0969), JAVIER JARP (23-0466), JEAN ROQUE (23-0812)
[16:13:13] Directorio: /d/CodeProjects/TicTacToe
[16:13:26] Configuración de jugadores: Emil vs Emil Dark
[16:13:26] Juego reiniciado
[16:13:28] Jugador X movió a posición 1
[16:13:28] Cambio de turno a jugador O
[16:13:28] Jugador O movió a posición 2
[16:13:28] Cambio de turno a jugador X
[16:13:30] Jugador X movió a posición 3
[16:13:30] Cambio de turno a jugador O
[16:13:31] Movimiento inválido: posición 2 ya ocupada
[16:13:33] Jugador O movió a posición 4
[16:13:33] Cambio de turno a jugador X
[16:13:36] Jugador X movió a posición 6
[16:13:36] Cambio de turno a jugador O
[16:13:37] Jugador O movió a posición 7
[16:13:37] Cambio de turno a jugador X
[16:13:39] Jugador X movió a posición 8
[16:13:39] Cambio de turno a jugador O
[16:13:40] Movimiento inválido: posición 4 ya ocupada
[16:13:42] Jugador O movió a posición 9
[16:13:42] Cambio de turno a jugador X
[16:13:51] Jugador X movió a posición 5
[16:13:51] Juego empatado
[16:13:55] Usuario eligió jugar otra partida
[16:13:55] Juego reiniciado
[16:13:57] Jugador X movió a posición 1
[16:13:57] Cambio de turno a jugador O
[16:13:59] Jugador O movió a posición 2
[16:13:59] Cambio de turno a jugador X
[16:13:59] Jugador X movió a posición 3
[16:13:59] Cambio de turno a jugador O
[16:14:00] Jugador O movió a posición 4
[16:14:00] Cambio de turno a jugador X
[16:14:01] Jugador X movió a posición 5
[16:14:01] Cambio de turno a jugador O
[16:14:02] Jugador O movió a posición 6
[16:14:02] Cambio de turno a jugador X
[16:14:02] Jugador X movió a posición 7
[16:14:02] Victoria de Emil (X)
[16:14:08] Usuario eligió terminar el juego
[16:14:08] Sistema finalizado por el usuario
